mode: atomic
github.com/OPGLOL/opgl-gateway-service/internal/middleware/cors.go:7.53,8.90 1 0
github.com/OPGLOL/opgl-gateway-service/internal/middleware/cors.go:8.90,15.43 4 0
github.com/OPGLOL/opgl-gateway-service/internal/middleware/cors.go:15.43,18.4 2 0
github.com/OPGLOL/opgl-gateway-service/internal/middleware/cors.go:20.3,20.42 1 0
github.com/OPGLOL/opgl-gateway-service/internal/middleware/logging.go:18.68,23.2 1 12
github.com/OPGLOL/opgl-gateway-service/internal/middleware/logging.go:26.55,29.2 2 10
github.com/OPGLOL/opgl-gateway-service/internal/middleware/logging.go:32.56,33.82 1 6
github.com/OPGLOL/opgl-gateway-service/internal/middleware/logging.go:33.82,57.10 8 10
github.com/OPGLOL/opgl-gateway-service/internal/middleware/logging.go:58.26,59.26 1 1
github.com/OPGLOL/opgl-gateway-service/internal/middleware/logging.go:60.26,61.25 1 1
github.com/OPGLOL/opgl-gateway-service/internal/middleware/logging.go:62.11,63.25 1 8
github.com/OPGLOL/opgl-gateway-service/internal/middleware/logging.go:67.3,73.28 1 10
github.com/OPGLOL/opgl-gateway-service/internal/proxy/proxy.go:21.84,27.2 1 13
github.com/OPGLOL/opgl-gateway-service/internal/proxy/proxy.go:30.122,40.16 4 4
github.com/OPGLOL/opgl-gateway-service/internal/proxy/proxy.go:40.16,42.3 1 0
github.com/OPGLOL/opgl-gateway-service/internal/proxy/proxy.go:44.2,45.16 2 4
github.com/OPGLOL/opgl-gateway-service/internal/proxy/proxy.go:45.16,47.3 1 1
github.com/OPGLOL/opgl-gateway-service/internal/proxy/proxy.go:48.2,50.42 2 3
github.com/OPGLOL/opgl-gateway-service/internal/proxy/proxy.go:50.42,53.3 2 1
github.com/OPGLOL/opgl-gateway-service/internal/proxy/proxy.go:55.2,56.73 2 2
github.com/OPGLOL/opgl-gateway-service/internal/proxy/proxy.go:56.73,58.3 1 1
github.com/OPGLOL/opgl-gateway-service/internal/proxy/proxy.go:60.2,60.23 1 1
github.com/OPGLOL/opgl-gateway-service/internal/proxy/proxy.go:64.130,75.16 4 2
github.com/OPGLOL/opgl-gateway-service/internal/proxy/proxy.go:75.16,77.3 1 0
github.com/OPGLOL/opgl-gateway-service/internal/proxy/proxy.go:79.2,80.16 2 2
github.com/OPGLOL/opgl-gateway-service/internal/proxy/proxy.go:80.16,82.3 1 0
github.com/OPGLOL/opgl-gateway-service/internal/proxy/proxy.go:83.2,85.42 2 2
github.com/OPGLOL/opgl-gateway-service/internal/proxy/proxy.go:85.42,88.3 2 1
github.com/OPGLOL/opgl-gateway-service/internal/proxy/proxy.go:90.2,91.72 2 1
github.com/OPGLOL/opgl-gateway-service/internal/proxy/proxy.go:91.72,93.3 1 0
github.com/OPGLOL/opgl-gateway-service/internal/proxy/proxy.go:95.2,95.21 1 1
github.com/OPGLOL/opgl-gateway-service/internal/proxy/proxy.go:99.110,109.16 4 2
github.com/OPGLOL/opgl-gateway-service/internal/proxy/proxy.go:109.16,111.3 1 0
github.com/OPGLOL/opgl-gateway-service/internal/proxy/proxy.go:113.2,114.16 2 2
github.com/OPGLOL/opgl-gateway-service/internal/proxy/proxy.go:114.16,116.3 1 0
github.com/OPGLOL/opgl-gateway-service/internal/proxy/proxy.go:117.2,119.42 2 2
github.com/OPGLOL/opgl-gateway-service/internal/proxy/proxy.go:119.42,122.3 2 1
github.com/OPGLOL/opgl-gateway-service/internal/proxy/proxy.go:124.2,125.72 2 1
github.com/OPGLOL/opgl-gateway-service/internal/proxy/proxy.go:125.72,127.3 1 0
github.com/OPGLOL/opgl-gateway-service/internal/proxy/proxy.go:129.2,129.21 1 1
github.com/OPGLOL/opgl-gateway-service/internal/proxy/proxy.go:133.125,140.16 3 3
github.com/OPGLOL/opgl-gateway-service/internal/proxy/proxy.go:140.16,142.3 1 0
github.com/OPGLOL/opgl-gateway-service/internal/proxy/proxy.go:144.2,146.16 3 3
github.com/OPGLOL/opgl-gateway-service/internal/proxy/proxy.go:146.16,148.3 1 1
github.com/OPGLOL/opgl-gateway-service/internal/proxy/proxy.go:149.2,151.42 2 2
github.com/OPGLOL/opgl-gateway-service/internal/proxy/proxy.go:151.42,154.3 2 1
github.com/OPGLOL/opgl-gateway-service/internal/proxy/proxy.go:156.2,157.79 2 1
github.com/OPGLOL/opgl-gateway-service/internal/proxy/proxy.go:157.79,159.3 1 0
github.com/OPGLOL/opgl-gateway-service/internal/proxy/proxy.go:161.2,161.29 1 1
github.com/OPGLOL/opgl-gateway-service/main.go:16.13,30.16 5 0
github.com/OPGLOL/opgl-gateway-service/main.go:30.16,32.3 1 0
github.com/OPGLOL/opgl-gateway-service/main.go:34.2,35.26 2 0
github.com/OPGLOL/opgl-gateway-service/main.go:35.26,37.3 1 0
github.com/OPGLOL/opgl-gateway-service/main.go:39.2,40.28 2 0
github.com/OPGLOL/opgl-gateway-service/main.go:40.28,42.3 1 0
github.com/OPGLOL/opgl-gateway-service/main.go:44.2,72.73 9 0
github.com/OPGLOL/opgl-gateway-service/main.go:72.73,74.3 1 0
github.com/OPGLOL/opgl-gateway-service/internal/api/handlers.go:17.68,21.2 1 24
github.com/OPGLOL/opgl-gateway-service/internal/api/handlers.go:24.88,31.2 3 3
github.com/OPGLOL/opgl-gateway-service/internal/api/handlers.go:34.88,41.79 2 10
github.com/OPGLOL/opgl-gateway-service/internal/api/handlers.go:41.79,44.3 2 2
github.com/OPGLOL/opgl-gateway-service/internal/api/handlers.go:46.2,46.101 1 8
github.com/OPGLOL/opgl-gateway-service/internal/api/handlers.go:46.101,49.3 2 6
github.com/OPGLOL/opgl-gateway-service/internal/api/handlers.go:51.2,52.16 2 2
github.com/OPGLOL/opgl-gateway-service/internal/api/handlers.go:52.16,55.3 2 1
github.com/OPGLOL/opgl-gateway-service/internal/api/handlers.go:57.2,58.42 2 1
github.com/OPGLOL/opgl-gateway-service/internal/api/handlers.go:63.87,72.76 2 8
github.com/OPGLOL/opgl-gateway-service/internal/api/handlers.go:72.76,75.3 2 2
github.com/OPGLOL/opgl-gateway-service/internal/api/handlers.go:78.2,79.16 2 6
github.com/OPGLOL/opgl-gateway-service/internal/api/handlers.go:79.16,81.3 1 5
github.com/OPGLOL/opgl-gateway-service/internal/api/handlers.go:83.2,87.30 3 6
github.com/OPGLOL/opgl-gateway-service/internal/api/handlers.go:87.30,88.32 1 0
github.com/OPGLOL/opgl-gateway-service/internal/api/handlers.go:88.32,91.4 2 0
github.com/OPGLOL/opgl-gateway-service/internal/api/handlers.go:92.3,92.104 1 0
github.com/OPGLOL/opgl-gateway-service/internal/api/handlers.go:93.8,95.93 1 6
github.com/OPGLOL/opgl-gateway-service/internal/api/handlers.go:95.93,98.4 2 3
github.com/OPGLOL/opgl-gateway-service/internal/api/handlers.go:99.3,99.130 1 3
github.com/OPGLOL/opgl-gateway-service/internal/api/handlers.go:102.2,102.16 1 3
github.com/OPGLOL/opgl-gateway-service/internal/api/handlers.go:102.16,105.3 2 1
github.com/OPGLOL/opgl-gateway-service/internal/api/handlers.go:107.2,108.41 2 2
github.com/OPGLOL/opgl-gateway-service/internal/api/handlers.go:112.90,119.78 2 9
github.com/OPGLOL/opgl-gateway-service/internal/api/handlers.go:119.78,122.3 2 2
github.com/OPGLOL/opgl-gateway-service/internal/api/handlers.go:124.2,124.98 1 7
github.com/OPGLOL/opgl-gateway-service/internal/api/handlers.go:124.98,127.3 2 3
github.com/OPGLOL/opgl-gateway-service/internal/api/handlers.go:130.2,131.16 2 4
github.com/OPGLOL/opgl-gateway-service/internal/api/handlers.go:131.16,134.3 2 1
github.com/OPGLOL/opgl-gateway-service/internal/api/handlers.go:137.2,138.16 2 3
github.com/OPGLOL/opgl-gateway-service/internal/api/handlers.go:138.16,141.3 2 1
github.com/OPGLOL/opgl-gateway-service/internal/api/handlers.go:144.2,145.16 2 2
github.com/OPGLOL/opgl-gateway-service/internal/api/handlers.go:145.16,148.3 2 1
github.com/OPGLOL/opgl-gateway-service/internal/api/handlers.go:150.2,151.48 2 1
github.com/OPGLOL/opgl-gateway-service/internal/api/router.go:8.48,22.2 6 8
